<?xml version="1.0" encoding="UTF-8"?>
<!-- Generated by org.testng.reporters.JUnitXMLReporter -->
<testsuite hostname="Admin-PC" ignored="0" name="HMRtest" tests="4" failures="0" timestamp="17 Mar 2020 15:10:22 GMT" time="41.977" errors="0">
  <testcase name="TC_01" time="1.662" classname="com.hmr.testcases.LoginTest"/>
  <testcase name="TC_02" time="4.16" classname="com.hmr.testcases.MainPageTest"/>
  <testcase name="TC_03" time="3.467" classname="com.hmr.testcases.MainProfile"/>
  <testcase name="TC_05" time="2.991" classname="com.hmr.testcases.MainLout"/>
</testsuite> <!-- HMRtest -->
