<?xml version="1.0" encoding="UTF-8"?>
<!-- Generated by org.testng.reporters.JUnitXMLReporter -->
<testsuite hostname="Admin-PC" name="HMRtest" tests="5" failures="1" timestamp="11 Mar 2020 16:42:45 GMT" time="60.301" errors="0">
  <testcase name="TC_01" time="4.762" classname="com.hmr.testcases.LoginTest"/>
  <testcase name="TC_02" time="2.937" classname="com.hmr.testcases.MainPageTest"/>
  <testcase name="TC_03" time="7.802" classname="com.hmr.testcases.MainProfile"/>
  <testcase name="TC_04" time="4.547" classname="com.hmr.testcases.MainUpdate">
    <failure type="java.lang.AssertionError" message="expected [true] but found [false]">
      <![CDATA[java.lang.AssertionError: expected [true] but found [false]
	at com.hmr.testcases.MainUpdate.TC_04(MainUpdate.java:43)
... Removed 29 stack frames]]>
    </failure>
  </testcase> <!-- TC_04 -->
  <testcase name="TC_05" time="1.87" classname="com.hmr.testcases.MainLout"/>
</testsuite> <!-- HMRtest -->
