<?xml version="1.0" encoding="UTF-8"?>
<!-- Generated by org.testng.reporters.JUnitXMLReporter -->
<testsuite hostname="Admin-PC" name="HMRtest" tests="4" failures="0" timestamp="15 Mar 2020 06:29:58 GMT" time="118.151" errors="0">
  <testcase name="TC_01" time="31.887" classname="com.hmr.testcases.LoginTest"/>
  <testcase name="TC_02" time="9.797" classname="com.hmr.testcases.MainPageTest"/>
  <testcase name="TC_03" time="17.527" classname="com.hmr.testcases.MainProfile"/>
  <testcase name="TC_05" time="11.069" classname="com.hmr.testcases.MainLout"/>
</testsuite> <!-- HMRtest -->
