<?xml version="1.0" encoding="UTF-8"?>
<!-- Generated by org.testng.reporters.JUnitXMLReporter -->
<testsuite hostname="Admin-PC" name="HMRtest" tests="4" failures="0" timestamp="17 Mar 2020 15:08:57 GMT" time="56.113" errors="0">
  <testcase name="TC_01" time="2.884" classname="com.hmr.testcases.LoginTest"/>
  <testcase name="TC_02" time="1.917" classname="com.hmr.testcases.MainPageTest"/>
  <testcase name="TC_03" time="3.072" classname="com.hmr.testcases.MainProfile"/>
  <testcase name="TC_05" time="2.731" classname="com.hmr.testcases.MainLout"/>
</testsuite> <!-- HMRtest -->
